This file contains any messages produced by compilers while
running configure, to aid debugging if configure makes a mistake.

It was created by procServ Process Server configure 2.6.0, which was
generated by GNU Autoconf 2.68.  Invocation command line was

  $ ./configure --with-epics-top=../..

## --------- ##
## Platform. ##
## --------- ##

hostname = cdaql1.jlab.org
uname -m = x86_64
uname -r = 2.6.32-504.8.1.el6.x86_64
uname -s = Linux
uname -v = #1 SMP Fri Dec 19 12:09:25 EST 2014

/usr/bin/uname -p = unknown
/bin/uname -X     = unknown

/bin/arch              = x86_64
/usr/bin/arch -k       = unknown
/usr/convex/getsysinfo = unknown
/usr/bin/hostinfo      = unknown
/bin/machine           = unknown
/usr/bin/oslevel       = unknown
/bin/universe          = unknown

PATH: /net/cdaqfs/apps/local/RHEL5/root/bin
PATH: /net/cdaqfs/apps/local/RHEL5/bin
PATH: /site/cernlib/x86_64_rhel6/2005/bin
PATH: /usr/lib64/qt-3.3/bin
PATH: /usr/local/bin
PATH: /bin
PATH: /net/cdaqfs/home/EPICS/dvlepics/R3.14.12.5/base/bin/linux-x86_64
PATH: /net/cdaqfs/home/EPICS/dvlepics/R3.14.12.5/extensions/bin/linux-x86_64
PATH: /usr/bin
PATH: /opt/dell/srvadmin/bin
PATH: /home/cvxwrks/bin
PATH: /home/cvxwrks/bin/Linux


## ----------- ##
## Core tests. ##
## ----------- ##

configure:2299: checking for a BSD-compatible install
configure:2367: result: /usr/bin/install -c
configure:2378: checking whether build environment is sane
configure:2428: result: yes
configure:2569: checking for a thread-safe mkdir -p
configure:2608: result: /bin/mkdir -p
configure:2621: checking for gawk
configure:2637: found /bin/gawk
configure:2648: result: gawk
configure:2659: checking whether make sets $(MAKE)
configure:2681: result: yes
configure:2828: checking for g++
configure:2844: found /usr/bin/g++
configure:2855: result: g++
configure:2882: checking for C++ compiler version
configure:2891: g++ --version >&5
g++ (GCC) 4.4.7 20120313 (Red Hat 4.4.7-11)
Copyright (C) 2010 Free Software Foundation, Inc.
This is free software; see the source for copying conditions.  There is NO
warranty; not even for MERCHANTABILITY or FITNESS FOR A PARTICULAR PURPOSE.

configure:2902: $? = 0
configure:2891: g++ -v >&5
Using built-in specs.
Target: x86_64-redhat-linux
Configured with: ../configure --prefix=/usr --mandir=/usr/share/man --infodir=/usr/share/info --with-bugurl=http://bugzilla.redhat.com/bugzilla --enable-bootstrap --enable-shared --enable-threads=posix --enable-checking=release --with-system-zlib --enable-__cxa_atexit --disable-libunwind-exceptions --enable-gnu-unique-object --enable-languages=c,c++,objc,obj-c++,java,fortran,ada --enable-java-awt=gtk --disable-dssi --with-java-home=/usr/lib/jvm/java-1.5.0-gcj-1.5.0.0/jre --enable-libgcj-multifile --enable-java-maintainer-mode --with-ecj-jar=/usr/share/java/eclipse-ecj.jar --disable-libjava-multilib --with-ppl --with-cloog --with-tune=generic --with-arch_32=i686 --build=x86_64-redhat-linux
Thread model: posix
gcc version 4.4.7 20120313 (Red Hat 4.4.7-11) (GCC) 
configure:2902: $? = 0
configure:2891: g++ -V >&5
g++: '-V' option must have argument
configure:2902: $? = 1
configure:2891: g++ -qversion >&5
g++: unrecognized option '-qversion'
g++: no input files
configure:2902: $? = 1
configure:2922: checking whether the C++ compiler works
configure:2944: g++  -Wall   conftest.cpp  >&5
configure:2948: $? = 0
configure:2996: result: yes
configure:2999: checking for C++ compiler default output file name
configure:3001: result: a.out
configure:3007: checking for suffix of executables
configure:3014: g++ -o conftest  -Wall   conftest.cpp  >&5
configure:3018: $? = 0
configure:3040: result: 
configure:3062: checking whether we are cross compiling
configure:3070: g++ -o conftest  -Wall   conftest.cpp  >&5
configure:3074: $? = 0
configure:3081: ./conftest
configure:3085: $? = 0
configure:3100: result: no
configure:3105: checking for suffix of object files
configure:3127: g++ -c  -Wall  conftest.cpp >&5
configure:3131: $? = 0
configure:3152: result: o
configure:3156: checking whether we are using the GNU C++ compiler
configure:3175: g++ -c  -Wall  conftest.cpp >&5
configure:3175: $? = 0
configure:3184: result: yes
configure:3193: checking whether g++ accepts -g
configure:3213: g++ -c -g  conftest.cpp >&5
configure:3213: $? = 0
configure:3254: result: yes
configure:3288: checking for style of include used by make
configure:3316: result: GNU
configure:3342: checking dependency style of g++
configure:3453: result: gcc3
configure:3516: checking for gcc
configure:3532: found /usr/bin/gcc
configure:3543: result: gcc
configure:3772: checking for C compiler version
configure:3781: gcc --version >&5
gcc (GCC) 4.4.7 20120313 (Red Hat 4.4.7-11)
Copyright (C) 2010 Free Software Foundation, Inc.
This is free software; see the source for copying conditions.  There is NO
warranty; not even for MERCHANTABILITY or FITNESS FOR A PARTICULAR PURPOSE.

configure:3792: $? = 0
configure:3781: gcc -v >&5
Using built-in specs.
Target: x86_64-redhat-linux
Configured with: ../configure --prefix=/usr --mandir=/usr/share/man --infodir=/usr/share/info --with-bugurl=http://bugzilla.redhat.com/bugzilla --enable-bootstrap --enable-shared --enable-threads=posix --enable-checking=release --with-system-zlib --enable-__cxa_atexit --disable-libunwind-exceptions --enable-gnu-unique-object --enable-languages=c,c++,objc,obj-c++,java,fortran,ada --enable-java-awt=gtk --disable-dssi --with-java-home=/usr/lib/jvm/java-1.5.0-gcj-1.5.0.0/jre --enable-libgcj-multifile --enable-java-maintainer-mode --with-ecj-jar=/usr/share/java/eclipse-ecj.jar --disable-libjava-multilib --with-ppl --with-cloog --with-tune=generic --with-arch_32=i686 --build=x86_64-redhat-linux
Thread model: posix
gcc version 4.4.7 20120313 (Red Hat 4.4.7-11) (GCC) 
configure:3792: $? = 0
configure:3781: gcc -V >&5
gcc: '-V' option must have argument
configure:3792: $? = 1
configure:3781: gcc -qversion >&5
gcc: unrecognized option '-qversion'
gcc: no input files
configure:3792: $? = 1
configure:3796: checking whether we are using the GNU C compiler
configure:3815: gcc -c  -Wall  conftest.c >&5
configure:3815: $? = 0
configure:3824: result: yes
configure:3833: checking whether gcc accepts -g
configure:3853: gcc -c -g  conftest.c >&5
configure:3853: $? = 0
configure:3894: result: yes
configure:3911: checking for gcc option to accept ISO C89
configure:3975: gcc  -c  -Wall  conftest.c >&5
configure:3975: $? = 0
configure:3988: result: none needed
configure:4010: checking dependency style of gcc
configure:4121: result: gcc3
configure:4146: checking how to run the C preprocessor
configure:4177: gcc -E  conftest.c
configure:4177: $? = 0
configure:4191: gcc -E  conftest.c
conftest.c:11:28: error: ac_nonexistent.h: No such file or directory
configure:4191: $? = 1
configure: failed program was:
| /* confdefs.h */
| #define PACKAGE_NAME "procServ Process Server"
| #define PACKAGE_TARNAME "procServ"
| #define PACKAGE_VERSION "2.6.0"
| #define PACKAGE_STRING "procServ Process Server 2.6.0"
| #define PACKAGE_BUGREPORT "tech-talk@aps.anl.gov"
| #define PACKAGE_URL "http://sourceforge.net/projects/procserv/"
| #define PACKAGE "procServ"
| #define VERSION "2.6.0"
| /* end confdefs.h.  */
| #include <ac_nonexistent.h>
configure:4216: result: gcc -E
configure:4236: gcc -E  conftest.c
configure:4236: $? = 0
configure:4250: gcc -E  conftest.c
conftest.c:11:28: error: ac_nonexistent.h: No such file or directory
configure:4250: $? = 1
configure: failed program was:
| /* confdefs.h */
| #define PACKAGE_NAME "procServ Process Server"
| #define PACKAGE_TARNAME "procServ"
| #define PACKAGE_VERSION "2.6.0"
| #define PACKAGE_STRING "procServ Process Server 2.6.0"
| #define PACKAGE_BUGREPORT "tech-talk@aps.anl.gov"
| #define PACKAGE_URL "http://sourceforge.net/projects/procserv/"
| #define PACKAGE "procServ"
| #define VERSION "2.6.0"
| /* end confdefs.h.  */
| #include <ac_nonexistent.h>
configure:4279: checking for grep that handles long lines and -e
configure:4337: result: /bin/grep
configure:4342: checking for egrep
configure:4404: result: /bin/grep -E
configure:4409: checking for ANSI C header files
configure:4429: gcc -c  -Wall  conftest.c >&5
configure:4429: $? = 0
configure:4502: gcc -o conftest  -Wall   conftest.c  >&5
configure:4502: $? = 0
configure:4502: ./conftest
configure:4502: $? = 0
configure:4513: result: yes
configure:4526: checking for sys/types.h
configure:4526: gcc -c  -Wall  conftest.c >&5
configure:4526: $? = 0
configure:4526: result: yes
configure:4526: checking for sys/stat.h
configure:4526: gcc -c  -Wall  conftest.c >&5
configure:4526: $? = 0
configure:4526: result: yes
configure:4526: checking for stdlib.h
configure:4526: gcc -c  -Wall  conftest.c >&5
configure:4526: $? = 0
configure:4526: result: yes
configure:4526: checking for string.h
configure:4526: gcc -c  -Wall  conftest.c >&5
configure:4526: $? = 0
configure:4526: result: yes
configure:4526: checking for memory.h
configure:4526: gcc -c  -Wall  conftest.c >&5
configure:4526: $? = 0
configure:4526: result: yes
configure:4526: checking for strings.h
configure:4526: gcc -c  -Wall  conftest.c >&5
configure:4526: $? = 0
configure:4526: result: yes
configure:4526: checking for inttypes.h
configure:4526: gcc -c  -Wall  conftest.c >&5
configure:4526: $? = 0
configure:4526: result: yes
configure:4526: checking for stdint.h
configure:4526: gcc -c  -Wall  conftest.c >&5
configure:4526: $? = 0
configure:4526: result: yes
configure:4526: checking for unistd.h
configure:4526: gcc -c  -Wall  conftest.c >&5
configure:4526: $? = 0
configure:4526: result: yes
configure:4541: checking pty.h usability
configure:4541: gcc -c  -Wall  conftest.c >&5
configure:4541: $? = 0
configure:4541: result: yes
configure:4541: checking pty.h presence
configure:4541: gcc -E  conftest.c
configure:4541: $? = 0
configure:4541: result: yes
configure:4541: checking for pty.h
configure:4541: result: yes
configure:4541: checking libutil.h usability
configure:4541: gcc -c  -Wall  conftest.c >&5
conftest.c:55:21: error: libutil.h: No such file or directory
configure:4541: $? = 1
configure: failed program was:
| /* confdefs.h */
| #define PACKAGE_NAME "procServ Process Server"
| #define PACKAGE_TARNAME "procServ"
| #define PACKAGE_VERSION "2.6.0"
| #define PACKAGE_STRING "procServ Process Server 2.6.0"
| #define PACKAGE_BUGREPORT "tech-talk@aps.anl.gov"
| #define PACKAGE_URL "http://sourceforge.net/projects/procserv/"
| #define PACKAGE "procServ"
| #define VERSION "2.6.0"
| #define STDC_HEADERS 1
| #define HAVE_SYS_TYPES_H 1
| #define HAVE_SYS_STAT_H 1
| #define HAVE_STDLIB_H 1
| #define HAVE_STRING_H 1
| #define HAVE_MEMORY_H 1
| #define HAVE_STRINGS_H 1
| #define HAVE_INTTYPES_H 1
| #define HAVE_STDINT_H 1
| #define HAVE_UNISTD_H 1
| #define HAVE_PTY_H 1
| /* end confdefs.h.  */
| #include <stdio.h>
| #ifdef HAVE_SYS_TYPES_H
| # include <sys/types.h>
| #endif
| #ifdef HAVE_SYS_STAT_H
| # include <sys/stat.h>
| #endif
| #ifdef STDC_HEADERS
| # include <stdlib.h>
| # include <stddef.h>
| #else
| # ifdef HAVE_STDLIB_H
| #  include <stdlib.h>
| # endif
| #endif
| #ifdef HAVE_STRING_H
| # if !defined STDC_HEADERS && defined HAVE_MEMORY_H
| #  include <memory.h>
| # endif
| # include <string.h>
| #endif
| #ifdef HAVE_STRINGS_H
| # include <strings.h>
| #endif
| #ifdef HAVE_INTTYPES_H
| # include <inttypes.h>
| #endif
| #ifdef HAVE_STDINT_H
| # include <stdint.h>
| #endif
| #ifdef HAVE_UNISTD_H
| # include <unistd.h>
| #endif
| #include <libutil.h>
configure:4541: result: no
configure:4541: checking libutil.h presence
configure:4541: gcc -E  conftest.c
conftest.c:22:21: error: libutil.h: No such file or directory
configure:4541: $? = 1
configure: failed program was:
| /* confdefs.h */
| #define PACKAGE_NAME "procServ Process Server"
| #define PACKAGE_TARNAME "procServ"
| #define PACKAGE_VERSION "2.6.0"
| #define PACKAGE_STRING "procServ Process Server 2.6.0"
| #define PACKAGE_BUGREPORT "tech-talk@aps.anl.gov"
| #define PACKAGE_URL "http://sourceforge.net/projects/procserv/"
| #define PACKAGE "procServ"
| #define VERSION "2.6.0"
| #define STDC_HEADERS 1
| #define HAVE_SYS_TYPES_H 1
| #define HAVE_SYS_STAT_H 1
| #define HAVE_STDLIB_H 1
| #define HAVE_STRING_H 1
| #define HAVE_MEMORY_H 1
| #define HAVE_STRINGS_H 1
| #define HAVE_INTTYPES_H 1
| #define HAVE_STDINT_H 1
| #define HAVE_UNISTD_H 1
| #define HAVE_PTY_H 1
| /* end confdefs.h.  */
| #include <libutil.h>
configure:4541: result: no
configure:4541: checking for libutil.h
configure:4541: result: no
configure:4541: checking util.h usability
configure:4541: gcc -c  -Wall  conftest.c >&5
conftest.c:55:18: error: util.h: No such file or directory
configure:4541: $? = 1
configure: failed program was:
| /* confdefs.h */
| #define PACKAGE_NAME "procServ Process Server"
| #define PACKAGE_TARNAME "procServ"
| #define PACKAGE_VERSION "2.6.0"
| #define PACKAGE_STRING "procServ Process Server 2.6.0"
| #define PACKAGE_BUGREPORT "tech-talk@aps.anl.gov"
| #define PACKAGE_URL "http://sourceforge.net/projects/procserv/"
| #define PACKAGE "procServ"
| #define VERSION "2.6.0"
| #define STDC_HEADERS 1
| #define HAVE_SYS_TYPES_H 1
| #define HAVE_SYS_STAT_H 1
| #define HAVE_STDLIB_H 1
| #define HAVE_STRING_H 1
| #define HAVE_MEMORY_H 1
| #define HAVE_STRINGS_H 1
| #define HAVE_INTTYPES_H 1
| #define HAVE_STDINT_H 1
| #define HAVE_UNISTD_H 1
| #define HAVE_PTY_H 1
| /* end confdefs.h.  */
| #include <stdio.h>
| #ifdef HAVE_SYS_TYPES_H
| # include <sys/types.h>
| #endif
| #ifdef HAVE_SYS_STAT_H
| # include <sys/stat.h>
| #endif
| #ifdef STDC_HEADERS
| # include <stdlib.h>
| # include <stddef.h>
| #else
| # ifdef HAVE_STDLIB_H
| #  include <stdlib.h>
| # endif
| #endif
| #ifdef HAVE_STRING_H
| # if !defined STDC_HEADERS && defined HAVE_MEMORY_H
| #  include <memory.h>
| # endif
| # include <string.h>
| #endif
| #ifdef HAVE_STRINGS_H
| # include <strings.h>
| #endif
| #ifdef HAVE_INTTYPES_H
| # include <inttypes.h>
| #endif
| #ifdef HAVE_STDINT_H
| # include <stdint.h>
| #endif
| #ifdef HAVE_UNISTD_H
| # include <unistd.h>
| #endif
| #include <util.h>
configure:4541: result: no
configure:4541: checking util.h presence
configure:4541: gcc -E  conftest.c
conftest.c:22:18: error: util.h: No such file or directory
configure:4541: $? = 1
configure: failed program was:
| /* confdefs.h */
| #define PACKAGE_NAME "procServ Process Server"
| #define PACKAGE_TARNAME "procServ"
| #define PACKAGE_VERSION "2.6.0"
| #define PACKAGE_STRING "procServ Process Server 2.6.0"
| #define PACKAGE_BUGREPORT "tech-talk@aps.anl.gov"
| #define PACKAGE_URL "http://sourceforge.net/projects/procserv/"
| #define PACKAGE "procServ"
| #define VERSION "2.6.0"
| #define STDC_HEADERS 1
| #define HAVE_SYS_TYPES_H 1
| #define HAVE_SYS_STAT_H 1
| #define HAVE_STDLIB_H 1
| #define HAVE_STRING_H 1
| #define HAVE_MEMORY_H 1
| #define HAVE_STRINGS_H 1
| #define HAVE_INTTYPES_H 1
| #define HAVE_STDINT_H 1
| #define HAVE_UNISTD_H 1
| #define HAVE_PTY_H 1
| /* end confdefs.h.  */
| #include <util.h>
configure:4541: result: no
configure:4541: checking for util.h
configure:4541: result: no
configure:4553: checking for stdbool.h that conforms to C99
configure:4620: gcc -c  -Wall  conftest.c >&5
conftest.c: In function 'main':
conftest.c:71: warning: the address of 's' will always evaluate as 'true'
conftest.c:75: warning: the address of 'a' will always evaluate as 'true'
conftest.c:75: warning: the address of 'b' will always evaluate as 'true'
conftest.c:75: warning: the address of 'c' will always evaluate as 'true'
conftest.c:75: warning: the address of 'd' will always evaluate as 'true'
conftest.c:75: warning: the address of 'f' will always evaluate as 'true'
conftest.c:75: warning: the address of 'g' will always evaluate as 'true'
conftest.c:75: warning: the address of 'h' will always evaluate as 'true'
conftest.c:75: warning: the address of 'i' will always evaluate as 'true'
conftest.c:76: warning: the address of 'n' will always evaluate as 'true'
conftest.c:76: warning: the address of 'o' will always evaluate as 'true'
conftest.c:76: warning: the address of 'p' will always evaluate as 'true'
configure:4620: $? = 0
configure:4627: result: yes
configure:4629: checking for _Bool
configure:4629: gcc -c  -Wall  conftest.c >&5
configure:4629: $? = 0
configure:4629: gcc -c  -Wall  conftest.c >&5
conftest.c: In function 'main':
conftest.c:58: error: expected expression before ')' token
configure:4629: $? = 1
configure: failed program was:
| /* confdefs.h */
| #define PACKAGE_NAME "procServ Process Server"
| #define PACKAGE_TARNAME "procServ"
| #define PACKAGE_VERSION "2.6.0"
| #define PACKAGE_STRING "procServ Process Server 2.6.0"
| #define PACKAGE_BUGREPORT "tech-talk@aps.anl.gov"
| #define PACKAGE_URL "http://sourceforge.net/projects/procserv/"
| #define PACKAGE "procServ"
| #define VERSION "2.6.0"
| #define STDC_HEADERS 1
| #define HAVE_SYS_TYPES_H 1
| #define HAVE_SYS_STAT_H 1
| #define HAVE_STDLIB_H 1
| #define HAVE_STRING_H 1
| #define HAVE_MEMORY_H 1
| #define HAVE_STRINGS_H 1
| #define HAVE_INTTYPES_H 1
| #define HAVE_STDINT_H 1
| #define HAVE_UNISTD_H 1
| #define HAVE_PTY_H 1
| /* end confdefs.h.  */
| #include <stdio.h>
| #ifdef HAVE_SYS_TYPES_H
| # include <sys/types.h>
| #endif
| #ifdef HAVE_SYS_STAT_H
| # include <sys/stat.h>
| #endif
| #ifdef STDC_HEADERS
| # include <stdlib.h>
| # include <stddef.h>
| #else
| # ifdef HAVE_STDLIB_H
| #  include <stdlib.h>
| # endif
| #endif
| #ifdef HAVE_STRING_H
| # if !defined STDC_HEADERS && defined HAVE_MEMORY_H
| #  include <memory.h>
| # endif
| # include <string.h>
| #endif
| #ifdef HAVE_STRINGS_H
| # include <strings.h>
| #endif
| #ifdef HAVE_INTTYPES_H
| # include <inttypes.h>
| #endif
| #ifdef HAVE_STDINT_H
| # include <stdint.h>
| #endif
| #ifdef HAVE_UNISTD_H
| # include <unistd.h>
| #endif
| int
| main ()
| {
| if (sizeof ((_Bool)))
| 	    return 0;
|   ;
|   return 0;
| }
configure:4629: result: yes
configure:4645: checking for an ANSI C-conforming const
configure:4710: gcc -c  -Wall  conftest.c >&5
conftest.c: In function 'main':
conftest.c:53: warning: 't' is used uninitialized in this function
conftest.c:69: warning: 'b' may be used uninitialized in this function
configure:4710: $? = 0
configure:4717: result: yes
configure:4725: checking for uid_t in sys/types.h
configure:4744: result: yes
configure:4755: checking for mode_t
configure:4755: gcc -c  -Wall  conftest.c >&5
configure:4755: $? = 0
configure:4755: gcc -c  -Wall  conftest.c >&5
conftest.c: In function 'main':
conftest.c:60: error: expected expression before ')' token
configure:4755: $? = 1
configure: failed program was:
| /* confdefs.h */
| #define PACKAGE_NAME "procServ Process Server"
| #define PACKAGE_TARNAME "procServ"
| #define PACKAGE_VERSION "2.6.0"
| #define PACKAGE_STRING "procServ Process Server 2.6.0"
| #define PACKAGE_BUGREPORT "tech-talk@aps.anl.gov"
| #define PACKAGE_URL "http://sourceforge.net/projects/procserv/"
| #define PACKAGE "procServ"
| #define VERSION "2.6.0"
| #define STDC_HEADERS 1
| #define HAVE_SYS_TYPES_H 1
| #define HAVE_SYS_STAT_H 1
| #define HAVE_STDLIB_H 1
| #define HAVE_STRING_H 1
| #define HAVE_MEMORY_H 1
| #define HAVE_STRINGS_H 1
| #define HAVE_INTTYPES_H 1
| #define HAVE_STDINT_H 1
| #define HAVE_UNISTD_H 1
| #define HAVE_PTY_H 1
| #define HAVE__BOOL 1
| #define HAVE_STDBOOL_H 1
| /* end confdefs.h.  */
| #include <stdio.h>
| #ifdef HAVE_SYS_TYPES_H
| # include <sys/types.h>
| #endif
| #ifdef HAVE_SYS_STAT_H
| # include <sys/stat.h>
| #endif
| #ifdef STDC_HEADERS
| # include <stdlib.h>
| # include <stddef.h>
| #else
| # ifdef HAVE_STDLIB_H
| #  include <stdlib.h>
| # endif
| #endif
| #ifdef HAVE_STRING_H
| # if !defined STDC_HEADERS && defined HAVE_MEMORY_H
| #  include <memory.h>
| # endif
| # include <string.h>
| #endif
| #ifdef HAVE_STRINGS_H
| # include <strings.h>
| #endif
| #ifdef HAVE_INTTYPES_H
| # include <inttypes.h>
| #endif
| #ifdef HAVE_STDINT_H
| # include <stdint.h>
| #endif
| #ifdef HAVE_UNISTD_H
| # include <unistd.h>
| #endif
| int
| main ()
| {
| if (sizeof ((mode_t)))
| 	    return 0;
|   ;
|   return 0;
| }
configure:4755: result: yes
configure:4766: checking for pid_t
configure:4766: gcc -c  -Wall  conftest.c >&5
configure:4766: $? = 0
configure:4766: gcc -c  -Wall  conftest.c >&5
conftest.c: In function 'main':
conftest.c:60: error: expected expression before ')' token
configure:4766: $? = 1
configure: failed program was:
| /* confdefs.h */
| #define PACKAGE_NAME "procServ Process Server"
| #define PACKAGE_TARNAME "procServ"
| #define PACKAGE_VERSION "2.6.0"
| #define PACKAGE_STRING "procServ Process Server 2.6.0"
| #define PACKAGE_BUGREPORT "tech-talk@aps.anl.gov"
| #define PACKAGE_URL "http://sourceforge.net/projects/procserv/"
| #define PACKAGE "procServ"
| #define VERSION "2.6.0"
| #define STDC_HEADERS 1
| #define HAVE_SYS_TYPES_H 1
| #define HAVE_SYS_STAT_H 1
| #define HAVE_STDLIB_H 1
| #define HAVE_STRING_H 1
| #define HAVE_MEMORY_H 1
| #define HAVE_STRINGS_H 1
| #define HAVE_INTTYPES_H 1
| #define HAVE_STDINT_H 1
| #define HAVE_UNISTD_H 1
| #define HAVE_PTY_H 1
| #define HAVE__BOOL 1
| #define HAVE_STDBOOL_H 1
| /* end confdefs.h.  */
| #include <stdio.h>
| #ifdef HAVE_SYS_TYPES_H
| # include <sys/types.h>
| #endif
| #ifdef HAVE_SYS_STAT_H
| # include <sys/stat.h>
| #endif
| #ifdef STDC_HEADERS
| # include <stdlib.h>
| # include <stddef.h>
| #else
| # ifdef HAVE_STDLIB_H
| #  include <stdlib.h>
| # endif
| #endif
| #ifdef HAVE_STRING_H
| # if !defined STDC_HEADERS && defined HAVE_MEMORY_H
| #  include <memory.h>
| # endif
| # include <string.h>
| #endif
| #ifdef HAVE_STRINGS_H
| # include <strings.h>
| #endif
| #ifdef HAVE_INTTYPES_H
| # include <inttypes.h>
| #endif
| #ifdef HAVE_STDINT_H
| # include <stdint.h>
| #endif
| #ifdef HAVE_UNISTD_H
| # include <unistd.h>
| #endif
| int
| main ()
| {
| if (sizeof ((pid_t)))
| 	    return 0;
|   ;
|   return 0;
| }
configure:4766: result: yes
configure:4777: checking for C/C++ restrict keyword
configure:4802: gcc -c  -Wall  conftest.c >&5
configure:4802: $? = 0
configure:4810: result: __restrict
configure:4823: checking whether struct tm is in sys/time.h or time.h
configure:4843: gcc -c  -Wall  conftest.c >&5
configure:4843: $? = 0
configure:4850: result: time.h
configure:4862: checking vfork.h usability
configure:4862: gcc -c  -Wall  conftest.c >&5
conftest.c:58:19: error: vfork.h: No such file or directory
configure:4862: $? = 1
configure: failed program was:
| /* confdefs.h */
| #define PACKAGE_NAME "procServ Process Server"
| #define PACKAGE_TARNAME "procServ"
| #define PACKAGE_VERSION "2.6.0"
| #define PACKAGE_STRING "procServ Process Server 2.6.0"
| #define PACKAGE_BUGREPORT "tech-talk@aps.anl.gov"
| #define PACKAGE_URL "http://sourceforge.net/projects/procserv/"
| #define PACKAGE "procServ"
| #define VERSION "2.6.0"
| #define STDC_HEADERS 1
| #define HAVE_SYS_TYPES_H 1
| #define HAVE_SYS_STAT_H 1
| #define HAVE_STDLIB_H 1
| #define HAVE_STRING_H 1
| #define HAVE_MEMORY_H 1
| #define HAVE_STRINGS_H 1
| #define HAVE_INTTYPES_H 1
| #define HAVE_STDINT_H 1
| #define HAVE_UNISTD_H 1
| #define HAVE_PTY_H 1
| #define HAVE__BOOL 1
| #define HAVE_STDBOOL_H 1
| #define restrict __restrict
| /* end confdefs.h.  */
| #include <stdio.h>
| #ifdef HAVE_SYS_TYPES_H
| # include <sys/types.h>
| #endif
| #ifdef HAVE_SYS_STAT_H
| # include <sys/stat.h>
| #endif
| #ifdef STDC_HEADERS
| # include <stdlib.h>
| # include <stddef.h>
| #else
| # ifdef HAVE_STDLIB_H
| #  include <stdlib.h>
| # endif
| #endif
| #ifdef HAVE_STRING_H
| # if !defined STDC_HEADERS && defined HAVE_MEMORY_H
| #  include <memory.h>
| # endif
| # include <string.h>
| #endif
| #ifdef HAVE_STRINGS_H
| # include <strings.h>
| #endif
| #ifdef HAVE_INTTYPES_H
| # include <inttypes.h>
| #endif
| #ifdef HAVE_STDINT_H
| # include <stdint.h>
| #endif
| #ifdef HAVE_UNISTD_H
| # include <unistd.h>
| #endif
| #include <vfork.h>
configure:4862: result: no
configure:4862: checking vfork.h presence
configure:4862: gcc -E  conftest.c
conftest.c:25:19: error: vfork.h: No such file or directory
configure:4862: $? = 1
configure: failed program was:
| /* confdefs.h */
| #define PACKAGE_NAME "procServ Process Server"
| #define PACKAGE_TARNAME "procServ"
| #define PACKAGE_VERSION "2.6.0"
| #define PACKAGE_STRING "procServ Process Server 2.6.0"
| #define PACKAGE_BUGREPORT "tech-talk@aps.anl.gov"
| #define PACKAGE_URL "http://sourceforge.net/projects/procserv/"
| #define PACKAGE "procServ"
| #define VERSION "2.6.0"
| #define STDC_HEADERS 1
| #define HAVE_SYS_TYPES_H 1
| #define HAVE_SYS_STAT_H 1
| #define HAVE_STDLIB_H 1
| #define HAVE_STRING_H 1
| #define HAVE_MEMORY_H 1
| #define HAVE_STRINGS_H 1
| #define HAVE_INTTYPES_H 1
| #define HAVE_STDINT_H 1
| #define HAVE_UNISTD_H 1
| #define HAVE_PTY_H 1
| #define HAVE__BOOL 1
| #define HAVE_STDBOOL_H 1
| #define restrict __restrict
| /* end confdefs.h.  */
| #include <vfork.h>
configure:4862: result: no
configure:4862: checking for vfork.h
configure:4862: result: no
configure:4875: checking for fork
configure:4875: gcc -o conftest  -Wall   conftest.c  >&5
conftest.c:48: warning: conflicting types for built-in function 'fork'
configure:4875: $? = 0
configure:4875: result: yes
configure:4875: checking for vfork
configure:4875: gcc -o conftest  -Wall   conftest.c  >&5
configure:4875: $? = 0
configure:4875: result: yes
configure:4885: checking for working fork
configure:4907: gcc -o conftest  -Wall   conftest.c  >&5
configure:4907: $? = 0
configure:4907: ./conftest
configure:4907: $? = 0
configure:4917: result: yes
configure:4938: checking for working vfork
configure:5048: result: yes
configure:5073: checking type of array argument to getgroups
configure:5107: gcc -o conftest  -Wall   conftest.c  >&5
configure:5107: $? = 0
configure:5107: ./conftest
configure:5107: $? = 0
configure:5132: result: gid_t
configure:5140: checking for size_t
configure:5140: gcc -c  -Wall  conftest.c >&5
configure:5140: $? = 0
configure:5140: gcc -c  -Wall  conftest.c >&5
conftest.c: In function 'main':
conftest.c:66: error: expected expression before ')' token
configure:5140: $? = 1
configure: failed program was:
| /* confdefs.h */
| #define PACKAGE_NAME "procServ Process Server"
| #define PACKAGE_TARNAME "procServ"
| #define PACKAGE_VERSION "2.6.0"
| #define PACKAGE_STRING "procServ Process Server 2.6.0"
| #define PACKAGE_BUGREPORT "tech-talk@aps.anl.gov"
| #define PACKAGE_URL "http://sourceforge.net/projects/procserv/"
| #define PACKAGE "procServ"
| #define VERSION "2.6.0"
| #define STDC_HEADERS 1
| #define HAVE_SYS_TYPES_H 1
| #define HAVE_SYS_STAT_H 1
| #define HAVE_STDLIB_H 1
| #define HAVE_STRING_H 1
| #define HAVE_MEMORY_H 1
| #define HAVE_STRINGS_H 1
| #define HAVE_INTTYPES_H 1
| #define HAVE_STDINT_H 1
| #define HAVE_UNISTD_H 1
| #define HAVE_PTY_H 1
| #define HAVE__BOOL 1
| #define HAVE_STDBOOL_H 1
| #define restrict __restrict
| #define HAVE_FORK 1
| #define HAVE_VFORK 1
| #define HAVE_WORKING_VFORK 1
| #define HAVE_WORKING_FORK 1
| #define GETGROUPS_T gid_t
| /* end confdefs.h.  */
| #include <stdio.h>
| #ifdef HAVE_SYS_TYPES_H
| # include <sys/types.h>
| #endif
| #ifdef HAVE_SYS_STAT_H
| # include <sys/stat.h>
| #endif
| #ifdef STDC_HEADERS
| # include <stdlib.h>
| # include <stddef.h>
| #else
| # ifdef HAVE_STDLIB_H
| #  include <stdlib.h>
| # endif
| #endif
| #ifdef HAVE_STRING_H
| # if !defined STDC_HEADERS && defined HAVE_MEMORY_H
| #  include <memory.h>
| # endif
| # include <string.h>
| #endif
| #ifdef HAVE_STRINGS_H
| # include <strings.h>
| #endif
| #ifdef HAVE_INTTYPES_H
| # include <inttypes.h>
| #endif
| #ifdef HAVE_STDINT_H
| # include <stdint.h>
| #endif
| #ifdef HAVE_UNISTD_H
| # include <unistd.h>
| #endif
| int
| main ()
| {
| if (sizeof ((size_t)))
| 	    return 0;
|   ;
|   return 0;
| }
configure:5140: result: yes
configure:5151: checking for getgroups
configure:5151: gcc -o conftest  -Wall   conftest.c  >&5
configure:5151: $? = 0
configure:5151: result: yes
configure:5206: checking for working getgroups
configure:5226: gcc -o conftest  -Wall   conftest.c  >&5
configure:5226: $? = 0
configure:5226: ./conftest
configure:5226: $? = 0
configure:5237: result: yes
configure:5250: checking whether gcc needs -traditional
configure:5284: result: no
configure:5334: checking for ranlib
configure:5350: found /usr/bin/ranlib
configure:5361: result: ranlib
configure:5385: checking for strftime
configure:5385: gcc -o conftest  -Wall   conftest.c  >&5
conftest.c:54: warning: conflicting types for built-in function 'strftime'
configure:5385: $? = 0
configure:5385: result: yes
configure:5438: checking for telnet_recv in -ltelnet
configure:5463: gcc -o conftest  -Wall   conftest.c -ltelnet   >&5
/usr/bin/ld: cannot find -ltelnet
collect2: ld returned 1 exit status
configure:5463: $? = 1
configure: failed program was:
| /* confdefs.h */
| #define PACKAGE_NAME "procServ Process Server"
| #define PACKAGE_TARNAME "procServ"
| #define PACKAGE_VERSION "2.6.0"
| #define PACKAGE_STRING "procServ Process Server 2.6.0"
| #define PACKAGE_BUGREPORT "tech-talk@aps.anl.gov"
| #define PACKAGE_URL "http://sourceforge.net/projects/procserv/"
| #define PACKAGE "procServ"
| #define VERSION "2.6.0"
| #define STDC_HEADERS 1
| #define HAVE_SYS_TYPES_H 1
| #define HAVE_SYS_STAT_H 1
| #define HAVE_STDLIB_H 1
| #define HAVE_STRING_H 1
| #define HAVE_MEMORY_H 1
| #define HAVE_STRINGS_H 1
| #define HAVE_INTTYPES_H 1
| #define HAVE_STDINT_H 1
| #define HAVE_UNISTD_H 1
| #define HAVE_PTY_H 1
| #define HAVE__BOOL 1
| #define HAVE_STDBOOL_H 1
| #define restrict __restrict
| #define HAVE_FORK 1
| #define HAVE_VFORK 1
| #define HAVE_WORKING_VFORK 1
| #define HAVE_WORKING_FORK 1
| #define GETGROUPS_T gid_t
| #define HAVE_GETGROUPS 1
| #define HAVE_STRFTIME 1
| /* end confdefs.h.  */
| 
| /* Override any GCC internal prototype to avoid an error.
|    Use char because int might match the return type of a GCC
|    builtin and then its argument prototype would still apply.  */
| #ifdef __cplusplus
| extern "C"
| #endif
| char telnet_recv ();
| int
| main ()
| {
| return telnet_recv ();
|   ;
|   return 0;
| }
configure:5472: result: no
configure:5490: checking for library containing socket
configure:5521: gcc -o conftest  -Wall   conftest.c  >&5
configure:5521: $? = 0
configure:5538: result: none required
configure:5546: checking for library containing setsockopt
configure:5577: gcc -o conftest  -Wall   conftest.c  >&5
configure:5577: $? = 0
configure:5594: result: none required
configure:5602: checking for library containing inet_aton
configure:5633: gcc -o conftest  -Wall   conftest.c  >&5
configure:5633: $? = 0
configure:5650: result: none required
configure:5658: checking for library containing forkpty
configure:5689: gcc -o conftest  -Wall   conftest.c  >&5
/tmp/ccWb5Opc.o: In function `main':
conftest.c:(.text+0xa): undefined reference to `forkpty'
collect2: ld returned 1 exit status
configure:5689: $? = 1
configure: failed program was:
| /* confdefs.h */
| #define PACKAGE_NAME "procServ Process Server"
| #define PACKAGE_TARNAME "procServ"
| #define PACKAGE_VERSION "2.6.0"
| #define PACKAGE_STRING "procServ Process Server 2.6.0"
| #define PACKAGE_BUGREPORT "tech-talk@aps.anl.gov"
| #define PACKAGE_URL "http://sourceforge.net/projects/procserv/"
| #define PACKAGE "procServ"
| #define VERSION "2.6.0"
| #define STDC_HEADERS 1
| #define HAVE_SYS_TYPES_H 1
| #define HAVE_SYS_STAT_H 1
| #define HAVE_STDLIB_H 1
| #define HAVE_STRING_H 1
| #define HAVE_MEMORY_H 1
| #define HAVE_STRINGS_H 1
| #define HAVE_INTTYPES_H 1
| #define HAVE_STDINT_H 1
| #define HAVE_UNISTD_H 1
| #define HAVE_PTY_H 1
| #define HAVE__BOOL 1
| #define HAVE_STDBOOL_H 1
| #define restrict __restrict
| #define HAVE_FORK 1
| #define HAVE_VFORK 1
| #define HAVE_WORKING_VFORK 1
| #define HAVE_WORKING_FORK 1
| #define GETGROUPS_T gid_t
| #define HAVE_GETGROUPS 1
| #define HAVE_STRFTIME 1
| /* end confdefs.h.  */
| 
| /* Override any GCC internal prototype to avoid an error.
|    Use char because int might match the return type of a GCC
|    builtin and then its argument prototype would still apply.  */
| #ifdef __cplusplus
| extern "C"
| #endif
| char forkpty ();
| int
| main ()
| {
| return forkpty ();
|   ;
|   return 0;
| }
configure:5689: gcc -o conftest  -Wall   conftest.c -lutil   >&5
configure:5689: $? = 0
configure:5706: result: -lutil
configure:5714: checking for forkpty
configure:5714: gcc -o conftest  -Wall   conftest.c -lutil  >&5
configure:5714: $? = 0
configure:5714: result: yes
configure:5823: checking for a2x
configure:5853: result: no
configure:5867: checking for asciidoc
configure:5897: result: no
configure:5909: checking for xmllint
configure:5925: found /usr/bin/xmllint
configure:5936: result: xmllint
configure:5951: checking for xsltproc
configure:5967: found /usr/bin/xsltproc
configure:5978: result: xsltproc
configure:5994: checking for fop
configure:6010: found /usr/bin/fop
configure:6021: result: fop
configure:6245: creating ./config.status

## ---------------------- ##
## Running config.status. ##
## ---------------------- ##

This file was extended by procServ Process Server config.status 2.6.0, which was
generated by GNU Autoconf 2.68.  Invocation command line was

  CONFIG_FILES    = 
  CONFIG_HEADERS  = 
  CONFIG_LINKS    = 
  CONFIG_COMMANDS = 
  $ ./config.status 

on cdaql1.jlab.org

config.status:816: creating Makefile
config.status:988: executing depfiles commands

## ---------------- ##
## Cache variables. ##
## ---------------- ##

ac_cv_c_compiler_gnu=yes
ac_cv_c_const=yes
ac_cv_c_restrict=__restrict
ac_cv_cxx_compiler_gnu=yes
ac_cv_env_CCC_set=
ac_cv_env_CCC_value=
ac_cv_env_CC_set=
ac_cv_env_CC_value=
ac_cv_env_CFLAGS_set=
ac_cv_env_CFLAGS_value=
ac_cv_env_CPPFLAGS_set=
ac_cv_env_CPPFLAGS_value=
ac_cv_env_CPP_set=
ac_cv_env_CPP_value=
ac_cv_env_CXXFLAGS_set=
ac_cv_env_CXXFLAGS_value=
ac_cv_env_CXX_set=
ac_cv_env_CXX_value=
ac_cv_env_LDFLAGS_set=
ac_cv_env_LDFLAGS_value=
ac_cv_env_LIBS_set=
ac_cv_env_LIBS_value=
ac_cv_env_build_alias_set=
ac_cv_env_build_alias_value=
ac_cv_env_host_alias_set=
ac_cv_env_host_alias_value=
ac_cv_env_target_alias_set=
ac_cv_env_target_alias_value=
ac_cv_func_fork=yes
ac_cv_func_fork_works=yes
ac_cv_func_forkpty=yes
ac_cv_func_getgroups=yes
ac_cv_func_getgroups_works=yes
ac_cv_func_strftime=yes
ac_cv_func_vfork=yes
ac_cv_func_vfork_works=yes
ac_cv_header_inttypes_h=yes
ac_cv_header_libutil_h=no
ac_cv_header_memory_h=yes
ac_cv_header_pty_h=yes
ac_cv_header_stdbool_h=yes
ac_cv_header_stdc=yes
ac_cv_header_stdint_h=yes
ac_cv_header_stdlib_h=yes
ac_cv_header_string_h=yes
ac_cv_header_strings_h=yes
ac_cv_header_sys_stat_h=yes
ac_cv_header_sys_types_h=yes
ac_cv_header_unistd_h=yes
ac_cv_header_util_h=no
ac_cv_header_vfork_h=no
ac_cv_lib_telnet_telnet_recv=no
ac_cv_objext=o
ac_cv_path_EGREP='/bin/grep -E'
ac_cv_path_GREP=/bin/grep
ac_cv_path_install='/usr/bin/install -c'
ac_cv_path_mkdir=/bin/mkdir
ac_cv_prog_AWK=gawk
ac_cv_prog_CPP='gcc -E'
ac_cv_prog_PDFGEN=fop
ac_cv_prog_XMLLINT=xmllint
ac_cv_prog_XSLTPROC=xsltproc
ac_cv_prog_ac_ct_CC=gcc
ac_cv_prog_ac_ct_CXX=g++
ac_cv_prog_ac_ct_RANLIB=ranlib
ac_cv_prog_cc_c89=
ac_cv_prog_cc_g=yes
ac_cv_prog_cxx_g=yes
ac_cv_prog_gcc_traditional=no
ac_cv_prog_make_make_set=yes
ac_cv_search_forkpty=-lutil
ac_cv_search_inet_aton='none required'
ac_cv_search_setsockopt='none required'
ac_cv_search_socket='none required'
ac_cv_struct_tm=time.h
ac_cv_type__Bool=yes
ac_cv_type_getgroups=gid_t
ac_cv_type_mode_t=yes
ac_cv_type_pid_t=yes
ac_cv_type_size_t=yes
ac_cv_type_uid_t=yes
am_cv_CC_dependencies_compiler_type=gcc3
am_cv_CXX_dependencies_compiler_type=gcc3

## ----------------- ##
## Output variables. ##
## ----------------- ##

A2X=''
ACLOCAL='${SHELL} /net/cdaqfs/home/EPICS/dvlepics/R3.14.12.5/extensions/src/procServ-2.6.0/build-aux/missing --run aclocal-1.11'
AMDEPBACKSLASH='\'
AMDEP_FALSE='#'
AMDEP_TRUE=''
AMTAR='$${TAR-tar}'
ASCIIDOC=''
AUTOCONF='${SHELL} /net/cdaqfs/home/EPICS/dvlepics/R3.14.12.5/extensions/src/procServ-2.6.0/build-aux/missing --run autoconf'
AUTOHEADER='${SHELL} /net/cdaqfs/home/EPICS/dvlepics/R3.14.12.5/extensions/src/procServ-2.6.0/build-aux/missing --run autoheader'
AUTOMAKE='${SHELL} /net/cdaqfs/home/EPICS/dvlepics/R3.14.12.5/extensions/src/procServ-2.6.0/build-aux/missing --run automake-1.11'
AWK='gawk'
BUILD_DOC_FALSE=''
BUILD_DOC_TRUE='#'
CC='gcc'
CCDEPMODE='depmode=gcc3'
CFLAGS=' -Wall'
CPP='gcc -E'
CPPFLAGS=''
CXX='g++'
CXXDEPMODE='depmode=gcc3'
CXXFLAGS=' -Wall'
CYGPATH_W='echo'
DEFS='-DPACKAGE_NAME=\"procServ\ Process\ Server\" -DPACKAGE_TARNAME=\"procServ\" -DPACKAGE_VERSION=\"2.6.0\" -DPACKAGE_STRING=\"procServ\ Process\ Server\ 2.6.0\" -DPACKAGE_BUGREPORT=\"tech-talk@aps.anl.gov\" -DPACKAGE_URL=\"http://sourceforge.net/projects/procserv/\" -DPACKAGE=\"procServ\" -DVERSION=\"2.6.0\" -DSTDC_HEADERS=1 -DHAVE_SYS_TYPES_H=1 -DHAVE_SYS_STAT_H=1 -DHAVE_STDLIB_H=1 -DHAVE_STRING_H=1 -DHAVE_MEMORY_H=1 -DHAVE_STRINGS_H=1 -DHAVE_INTTYPES_H=1 -DHAVE_STDINT_H=1 -DHAVE_UNISTD_H=1 -DHAVE_PTY_H=1 -DHAVE__BOOL=1 -DHAVE_STDBOOL_H=1 -Drestrict=__restrict -DHAVE_FORK=1 -DHAVE_VFORK=1 -DHAVE_WORKING_VFORK=1 -DHAVE_WORKING_FORK=1 -DGETGROUPS_T=gid_t -DHAVE_GETGROUPS=1 -DHAVE_STRFTIME=1 -DHAVE_FORKPTY=1'
DEPDIR='.deps'
ECHO_C=''
ECHO_N='-n'
ECHO_T=''
EGREP='/bin/grep -E'
EPICS_TOP='../..'
EXEEXT=''
GREP='/bin/grep'
INSTALL_DATA='${INSTALL} -m 644'
INSTALL_DOC_FALSE='#'
INSTALL_DOC_TRUE=''
INSTALL_PROGRAM='${INSTALL}'
INSTALL_SCRIPT='${INSTALL}'
INSTALL_STRIP_PROGRAM='$(install_sh) -c -s'
LDFLAGS=''
LIBOBJS=' ${LIBOBJDIR}libtelnet$U.o'
LIBS='-lutil '
LTLIBOBJS=' ${LIBOBJDIR}libtelnet$U.lo'
MAKEINFO='${SHELL} /net/cdaqfs/home/EPICS/dvlepics/R3.14.12.5/extensions/src/procServ-2.6.0/build-aux/missing --run makeinfo'
MKDIR_P='/bin/mkdir -p'
OBJEXT='o'
PACKAGE='procServ'
PACKAGE_BUGREPORT='tech-talk@aps.anl.gov'
PACKAGE_DATE='04/16/2012'
PACKAGE_NAME='procServ Process Server'
PACKAGE_STRING='procServ Process Server 2.6.0'
PACKAGE_TARNAME='procServ'
PACKAGE_URL='http://sourceforge.net/projects/procserv/'
PACKAGE_VERSION='2.6.0'
PATH_SEPARATOR=':'
PDFGEN='fop'
RANLIB='ranlib'
SET_MAKE=''
SHELL='/bin/sh'
STRIP=''
VERSION='2.6.0'
WITH_EPICS_FALSE='#'
WITH_EPICS_TRUE=''
XMLLINT='xmllint'
XSLTPROC='xsltproc'
ac_ct_CC='gcc'
ac_ct_CXX='g++'
am__EXEEXT_FALSE=''
am__EXEEXT_TRUE='#'
am__fastdepCC_FALSE='#'
am__fastdepCC_TRUE=''
am__fastdepCXX_FALSE='#'
am__fastdepCXX_TRUE=''
am__include='include'
am__isrc=''
am__leading_dot='.'
am__nodep='_no'
am__quote=''
am__tar='$${TAR-tar} chof - "$$tardir"'
am__untar='$${TAR-tar} xf -'
bindir='${exec_prefix}/bin'
build_alias=''
datadir='${datarootdir}'
datarootdir='${prefix}/share'
docdir='${datarootdir}/doc/${PACKAGE_TARNAME}'
dvidir='${docdir}'
exec_prefix='${prefix}'
host_alias=''
htmldir='${docdir}'
includedir='${prefix}/include'
infodir='${datarootdir}/info'
install_sh='${SHELL} /net/cdaqfs/home/EPICS/dvlepics/R3.14.12.5/extensions/src/procServ-2.6.0/build-aux/install-sh'
libdir='${exec_prefix}/lib'
libexecdir='${exec_prefix}/libexec'
localedir='${datarootdir}/locale'
localstatedir='${prefix}/var'
mandir='${datarootdir}/man'
mkdir_p='/bin/mkdir -p'
oldincludedir='/usr/include'
pdfdir='${docdir}'
prefix='/usr/local'
program_transform_name='s,x,x,'
psdir='${docdir}'
sbindir='${exec_prefix}/sbin'
sharedstatedir='${prefix}/com'
sysconfdir='${prefix}/etc'
target_alias=''

## ----------- ##
## confdefs.h. ##
## ----------- ##

/* confdefs.h */
#define PACKAGE_NAME "procServ Process Server"
#define PACKAGE_TARNAME "procServ"
#define PACKAGE_VERSION "2.6.0"
#define PACKAGE_STRING "procServ Process Server 2.6.0"
#define PACKAGE_BUGREPORT "tech-talk@aps.anl.gov"
#define PACKAGE_URL "http://sourceforge.net/projects/procserv/"
#define PACKAGE "procServ"
#define VERSION "2.6.0"
#define STDC_HEADERS 1
#define HAVE_SYS_TYPES_H 1
#define HAVE_SYS_STAT_H 1
#define HAVE_STDLIB_H 1
#define HAVE_STRING_H 1
#define HAVE_MEMORY_H 1
#define HAVE_STRINGS_H 1
#define HAVE_INTTYPES_H 1
#define HAVE_STDINT_H 1
#define HAVE_UNISTD_H 1
#define HAVE_PTY_H 1
#define HAVE__BOOL 1
#define HAVE_STDBOOL_H 1
#define restrict __restrict
#define HAVE_FORK 1
#define HAVE_VFORK 1
#define HAVE_WORKING_VFORK 1
#define HAVE_WORKING_FORK 1
#define GETGROUPS_T gid_t
#define HAVE_GETGROUPS 1
#define HAVE_STRFTIME 1
#define HAVE_FORKPTY 1

configure: exit 0
